TN:
SF:src/commands/add.ts
FN:59,add
FN:101,detectPackageManager
FNF:2
FNH:2
FNDA:9,add
FNDA:7,detectPackageManager
DA:1,1
DA:2,1
DA:3,1
DA:4,1
DA:5,1
DA:7,1
DA:9,1
DA:10,1
DA:11,1
DA:12,1
DA:13,1
DA:14,1
DA:15,1
DA:16,1
DA:17,1
DA:18,1
DA:19,1
DA:20,1
DA:21,1
DA:22,1
DA:23,1
DA:24,1
DA:25,1
DA:26,1
DA:27,1
DA:28,1
DA:29,1
DA:30,1
DA:31,1
DA:32,1
DA:33,1
DA:34,1
DA:35,1
DA:36,1
DA:37,1
DA:38,1
DA:39,1
DA:40,1
DA:41,1
DA:42,1
DA:43,1
DA:44,1
DA:45,1
DA:46,1
DA:47,1
DA:48,1
DA:49,1
DA:50,1
DA:51,1
DA:52,1
DA:53,1
DA:54,1
DA:55,1
DA:57,1
DA:59,9
DA:60,9
DA:61,9
DA:63,9
DA:64,1
DA:65,1
DA:66,1
DA:68,8
DA:69,9
DA:70,9
DA:72,9
DA:73,1
DA:74,1
DA:75,1
DA:77,7
DA:79,7
DA:80,9
DA:81,9
DA:83,9
DA:84,7
DA:86,9
DA:87,9
DA:89,9
DA:90,9
DA:91,9
DA:92,9
DA:93,9
DA:94,1
DA:95,1
DA:96,1
DA:98,7
DA:99,7
DA:101,7
DA:102,7
DA:103,5
DA:104,5
LF:90
LH:90
BRDA:59,0,0,9
BRDA:63,1,0,1
BRDA:66,2,0,8
BRDA:69,3,0,1
BRDA:72,4,0,8
BRDA:72,5,0,1
BRDA:75,6,0,7
BRDA:80,7,0,6
BRDA:80,8,0,1
BRDA:83,9,0,7
BRDA:86,10,0,0
BRDA:90,11,0,7
BRDA:91,12,0,2
BRDA:91,13,0,5
BRDA:92,14,0,6
BRDA:93,15,0,1
BRDA:96,16,0,7
BRDA:101,17,0,7
BRDA:102,18,0,2
BRDA:102,19,0,5
BRF:20
BRH:19
end_of_record
TN:
SF:src/commands/init.ts
FN:48,init
FNF:1
FNH:1
FNDA:10,init
DA:1,1
DA:2,1
DA:3,1
DA:4,1
DA:6,1
DA:21,1
DA:30,1
DA:38,1
DA:48,10
DA:49,10
DA:50,10
DA:52,10
DA:54,10
DA:55,10
DA:56,10
DA:57,10
DA:58,10
DA:59,10
DA:60,10
DA:61,10
DA:62,10
DA:63,10
DA:64,10
DA:65,10
DA:66,10
DA:67,10
DA:68,10
DA:69,10
DA:70,10
DA:71,10
DA:72,10
DA:73,10
DA:75,10
DA:76,10
DA:78,10
DA:79,10
DA:80,10
DA:81,10
DA:82,10
DA:83,10
DA:85,10
DA:87,10
DA:88,10
DA:89,10
DA:90,10
DA:91,10
DA:92,10
DA:94,10
DA:96,10
DA:97,10
DA:98,10
DA:99,10
DA:101,10
DA:103,10
DA:105,10
DA:106,10
DA:107,10
DA:108,10
DA:109,10
DA:110,10
LF:60
LH:60
BRDA:48,0,0,10
BRDA:90,1,0,9
BRDA:90,2,0,1
BRDA:91,3,0,9
BRDA:91,4,0,1
BRDA:98,5,0,9
BRDA:98,6,0,1
BRF:7
BRH:7
end_of_record
