TN:
SF:src/components/accordion.tsx
FNF:0
FNH:0
DA:1,1
DA:2,1
DA:3,1
DA:4,1
DA:6,1
DA:8,1
DA:11,1
DA:12,1
DA:13,1
DA:14,1
DA:15,1
DA:16,1
DA:17,1
DA:18,1
DA:20,1
DA:23,1
DA:24,1
DA:25,1
DA:26,1
DA:27,1
DA:28,1
DA:29,1
DA:30,1
DA:31,1
DA:33,1
DA:34,1
DA:35,1
DA:36,1
DA:37,1
DA:38,1
DA:40,1
DA:43,1
DA:44,1
DA:45,1
DA:46,1
DA:47,1
DA:49,1
DA:50,1
DA:51,1
DA:52,1
LF:40
LH:40
BRDA:11,0,0,1
BRDA:23,1,0,1
BRDA:43,2,0,1
BRF:3
BRH:3
end_of_record
TN:
SF:src/components/alert-dialog.tsx
FN:41,AlertDialogHeader
FN:46,AlertDialogFooter
FNF:2
FNH:2
FNDA:1,AlertDialogHeader
FNDA:1,AlertDialogFooter
DA:1,1
DA:2,1
DA:3,1
DA:4,1
DA:6,1
DA:7,1
DA:8,1
DA:10,1
DA:13,1
DA:14,2
DA:15,2
DA:16,2
DA:17,2
DA:18,2
DA:19,2
DA:20,1
DA:22,1
DA:25,1
DA:26,1
DA:27,1
DA:28,1
DA:29,1
DA:30,1
DA:31,1
DA:32,1
DA:33,1
DA:34,1
DA:35,1
DA:36,1
DA:37,1
DA:38,1
DA:39,1
DA:41,1
DA:42,1
DA:44,1
DA:46,1
DA:47,1
DA:49,1
DA:51,1
DA:54,1
DA:55,1
DA:56,1
DA:57,1
DA:59,1
DA:62,1
DA:63,1
DA:64,1
DA:65,1
DA:67,1
DA:70,1
DA:71,1
DA:72,1
DA:73,1
DA:75,1
DA:78,1
DA:79,1
DA:80,1
DA:81,1
LF:58
LH:58
BRDA:13,0,0,2
BRDA:25,1,0,1
BRDA:41,2,0,1
BRDA:46,3,0,1
BRDA:54,4,0,1
BRDA:62,5,0,1
BRDA:70,6,0,1
BRDA:78,7,0,1
BRF:8
BRH:8
end_of_record
TN:
SF:src/components/alert.tsx
FNF:0
FNH:0
DA:1,1
DA:2,1
DA:3,1
DA:5,1
DA:6,1
DA:7,1
DA:8,1
DA:9,1
DA:10,1
DA:11,1
DA:12,1
DA:13,1
DA:14,1
DA:15,1
DA:16,1
DA:17,1
DA:18,1
DA:20,1
DA:23,1
DA:24,1
DA:25,1
DA:26,1
DA:28,1
DA:29,1
DA:30,1
DA:31,1
DA:32,1
DA:33,1
DA:34,1
DA:36,1
DA:37,1
DA:39,1
DA:40,1
DA:41,1
DA:43,1
DA:44,1
LF:36
LH:36
BRDA:23,0,0,1
BRDA:29,1,0,1
BRDA:40,2,0,1
BRF:3
BRH:3
end_of_record
TN:
SF:src/components/aspect-ratio.tsx
FNF:0
FNH:0
DA:1,1
DA:3,1
LF:2
LH:2
BRF:0
BRH:0
end_of_record
TN:
SF:src/components/avatar.tsx
FNF:0
FNH:0
DA:1,1
DA:2,1
DA:3,1
DA:5,1
DA:8,1
DA:9,2
DA:10,2
DA:11,2
DA:12,2
DA:13,2
DA:14,2
DA:15,2
DA:16,2
DA:17,2
DA:18,1
DA:20,1
DA:23,1
DA:24,1
DA:25,1
DA:26,1
DA:27,1
DA:28,1
DA:29,1
DA:30,1
DA:32,1
DA:35,1
DA:36,2
DA:37,2
DA:38,2
DA:39,2
DA:40,2
DA:41,2
DA:42,2
DA:43,2
DA:44,2
DA:45,1
LF:36
LH:36
BRDA:8,0,0,2
BRDA:23,1,0,1
BRDA:35,2,0,2
BRF:3
BRH:3
end_of_record
TN:
SF:src/components/badge.tsx
FN:26,Badge
FNF:1
FNH:1
FNDA:4,Badge
DA:2,1
DA:3,1
DA:5,1
DA:6,1
DA:7,1
DA:8,1
DA:9,1
DA:10,1
DA:11,1
DA:12,1
DA:13,1
DA:14,1
DA:15,1
DA:16,1
DA:17,1
DA:18,1
DA:19,1
DA:20,1
DA:26,4
DA:27,4
DA:28,4
LF:21
LH:21
BRDA:26,0,0,4
BRF:1
BRH:1
end_of_record
TN:
SF:src/components/breadcrumb.tsx
FN:62,BreadcrumbSeparator
FN:75,BreadcrumbEllipsis
FNF:2
FNH:2
FNDA:3,BreadcrumbSeparator
FNDA:1,BreadcrumbEllipsis
DA:1,1
DA:2,1
DA:3,1
DA:4,1
DA:6,1
DA:9,1
DA:10,1
DA:12,1
DA:15,1
DA:16,2
DA:17,2
DA:18,2
DA:19,2
DA:20,2
DA:21,2
DA:22,1
DA:24,1
DA:27,1
DA:28,5
DA:29,1
DA:30,1
DA:32,1
DA:35,1
DA:36,2
DA:37,2
DA:38,2
DA:39,2
DA:40,2
DA:41,2
DA:42,2
DA:44,2
DA:45,1
DA:47,1
DA:50,1
DA:51,1
DA:52,1
DA:53,1
DA:54,1
DA:55,1
DA:56,1
DA:57,1
DA:58,1
DA:59,1
DA:60,1
DA:62,3
DA:63,3
DA:64,3
DA:65,3
DA:66,3
DA:67,3
DA:68,3
DA:70,3
DA:71,3
DA:73,3
DA:75,1
DA:76,1
DA:77,1
DA:78,1
DA:79,1
DA:80,1
DA:81,1
DA:83,1
DA:84,1
DA:85,1
DA:87,1
LF:65
LH:65
BRDA:9,0,0,2
BRDA:15,1,0,2
BRDA:27,2,0,5
BRDA:35,3,0,2
BRDA:36,4,0,0
BRDA:50,5,0,1
BRDA:62,6,0,3
BRDA:75,7,0,1
BRF:8
BRH:7
end_of_record
TN:
SF:src/components/button.tsx
FNF:0
FNH:0
DA:1,1
DA:2,1
DA:3,1
DA:4,1
DA:6,1
DA:7,1
DA:8,1
DA:9,1
DA:10,1
DA:11,1
DA:12,1
DA:13,1
DA:14,1
DA:15,1
DA:16,1
DA:17,1
DA:18,1
DA:19,1
DA:20,1
DA:21,1
DA:22,1
DA:23,1
DA:24,1
DA:25,1
DA:26,1
DA:27,1
DA:28,1
DA:36,1
DA:37,1
DA:38,16
DA:39,16
DA:40,16
DA:41,16
DA:42,16
DA:43,16
DA:44,16
DA:46,16
DA:47,1
DA:48,1
LF:39
LH:39
BRDA:37,0,0,16
BRDA:38,1,0,1
BRDA:38,2,0,15
BRF:3
BRH:3
end_of_record
TN:
SF:src/components/calendar.tsx
FN:8,Calendar
FN:38,Chevron
FNF:2
FNH:2
FNDA:2,Calendar
FNDA:8,Chevron
DA:2,1
DA:3,1
DA:4,1
DA:8,2
DA:9,2
DA:10,2
DA:11,2
DA:12,2
DA:13,2
DA:14,2
DA:15,2
DA:16,2
DA:17,2
DA:18,2
DA:19,2
DA:20,2
DA:21,2
DA:22,2
DA:23,2
DA:24,2
DA:25,2
DA:26,2
DA:27,2
DA:28,2
DA:29,2
DA:30,2
DA:31,2
DA:32,2
DA:33,2
DA:34,2
DA:35,2
DA:36,2
DA:37,2
DA:38,2
DA:39,8
DA:40,4
DA:41,4
DA:42,2
DA:43,2
DA:44,2
DA:46,2
LF:41
LH:41
BRDA:8,0,0,2
BRDA:38,1,0,8
BRDA:39,2,0,4
BRDA:40,3,0,4
BRF:4
BRH:4
end_of_record
TN:
SF:src/components/card.tsx
FNF:0
FNH:0
DA:1,1
DA:2,1
DA:4,1
DA:5,1
DA:6,1
DA:7,1
DA:8,1
DA:9,1
DA:10,1
DA:11,1
DA:12,1
DA:13,1
DA:15,1
DA:16,1
DA:17,1
DA:18,1
DA:20,1
DA:21,1
DA:23,1
DA:24,1
DA:25,1
DA:27,1
DA:28,1
DA:30,1
DA:31,1
DA:32,1
DA:33,1
DA:34,1
DA:35,1
DA:36,1
DA:38,1
DA:39,1
DA:41,1
DA:42,1
DA:43,1
DA:45,1
DA:46,1
DA:48,1
DA:49,1
DA:50,1
DA:52,1
DA:53,1
DA:55,1
DA:56,1
DA:57,1
DA:59,1
DA:60,1
LF:47
LH:47
BRDA:5,0,0,1
BRDA:24,1,0,1
BRDA:31,2,0,1
BRDA:42,3,0,1
BRDA:49,4,0,1
BRDA:56,5,0,1
BRF:6
BRH:6
end_of_record
TN:
SF:src/components/carousel.tsx
FN:30,useCarousel
FN:63,scrollPrev
FN:63,scrollNext
FNF:3
FNH:1
FNDA:21,useCarousel
FNDA:0,scrollPrev
FNDA:0,scrollNext
DA:1,1
DA:2,1
DA:3,1
DA:4,1
DA:5,1
DA:28,1
DA:30,21
DA:31,21
DA:32,21
DA:33,21
DA:34,21
DA:36,1
DA:39,1
DA:40,8
DA:41,8
DA:42,8
DA:43,8
DA:44,8
DA:45,8
DA:47,8
DA:48,2
DA:49,2
DA:50,2
DA:51,8
DA:53,8
DA:54,4
DA:55,4
DA:56,4
DA:57,4
DA:58,4
DA:59,4
DA:60,8
DA:62,8
DA:63,8
DA:64,8
DA:65,8
DA:66,8
DA:67,8
DA:69,8
DA:70,1
DA:72,1
DA:73,1
DA:74,6
DA:75,6
DA:76,6
DA:77,6
DA:78,6
DA:79,6
DA:80,6
DA:81,6
DA:82,6
DA:84,6
DA:85,1
DA:86,1
DA:88,1
DA:89,1
DA:90,9
DA:91,9
DA:92,9
DA:93,9
DA:94,9
DA:95,9
DA:96,9
DA:97,9
DA:98,9
DA:100,9
DA:101,1
DA:102,1
DA:104,1
DA:105,1
DA:106,3
DA:107,3
DA:108,3
DA:109,3
DA:110,3
DA:111,3
DA:112,3
DA:113,3
DA:114,3
DA:115,3
DA:116,3
DA:117,3
DA:118,3
DA:119,3
DA:121,3
DA:122,3
DA:123,3
DA:125,3
DA:126,1
DA:127,1
DA:129,1
DA:130,1
DA:131,3
DA:132,3
DA:133,3
DA:134,3
DA:135,3
DA:136,3
DA:137,3
DA:138,3
DA:139,3
DA:140,3
DA:141,3
DA:142,3
DA:143,3
DA:144,3
DA:146,3
DA:147,3
DA:148,3
DA:150,3
DA:151,1
DA:152,1
LF:112
LH:112
BRDA:30,0,0,21
BRDA:32,1,0,0
BRDA:39,2,0,8
BRDA:41,3,0,4
BRDA:41,4,0,4
BRDA:47,5,0,2
BRDA:48,6,0,0
BRDA:53,7,0,4
BRDA:54,8,0,2
BRDA:55,9,0,0
BRDA:59,10,0,2
BRDA:73,11,0,6
BRDA:79,12,0,3
BRDA:79,13,0,3
BRDA:89,14,0,9
BRDA:96,15,0,6
BRDA:96,16,0,3
BRDA:105,17,0,3
BRDA:114,18,0,0
BRDA:130,19,0,3
BRDA:139,20,0,0
BRF:21
BRH:16
end_of_record
TN:
SF:src/components/chart.tsx
FN:22,useChart
FN:53,ChartStyle
FNF:2
FNH:2
FNDA:3,useChart
FNDA:8,ChartStyle
DA:1,1
DA:2,1
DA:4,1
DA:6,1
DA:20,1
DA:22,3
DA:23,3
DA:24,3
DA:25,0
DA:26,0
DA:28,1
DA:31,1
DA:32,6
DA:33,6
DA:35,6
DA:36,6
DA:37,6
DA:38,6
DA:39,6
DA:40,6
DA:41,6
DA:43,6
DA:44,6
DA:45,6
DA:46,6
DA:47,6
DA:48,6
DA:50,6
DA:51,1
DA:53,1
DA:54,8
DA:55,8
DA:56,7
DA:57,7
DA:58,7
DA:59,7
DA:60,7
DA:61,14
DA:62,14
DA:63,28
DA:64,28
DA:65,14
DA:66,14
DA:67,7
DA:68,7
DA:69,7
DA:70,7
DA:72,7
DA:74,1
DA:85,1
DA:86,1
DA:87,0
DA:88,0
DA:90,0
DA:91,0
DA:92,0
DA:93,0
DA:94,0
DA:95,0
DA:97,0
DA:98,0
DA:99,0
DA:100,0
DA:101,0
DA:102,0
DA:103,0
DA:104,0
DA:106,0
DA:107,0
DA:108,0
DA:109,0
DA:110,0
DA:112,0
DA:113,0
DA:114,0
DA:116,0
DA:117,1
DA:118,1
DA:120,1
DA:122,1
DA:125,1
DA:126,0
DA:127,0
DA:128,0
DA:129,0
DA:130,0
DA:131,0
DA:132,0
DA:133,0
DA:134,0
DA:135,0
DA:136,0
DA:137,0
DA:139,0
DA:140,0
DA:142,0
DA:143,1
LF:97
LH:55
BRDA:22,0,0,3
BRDA:24,1,0,2
BRDA:24,2,0,0
BRDA:31,3,0,6
BRDA:53,4,0,8
BRDA:55,5,0,1
BRDA:55,6,0,7
BRDA:54,7,0,14
BRDA:54,8,0,7
BRDA:60,9,0,14
BRDA:62,10,0,28
BRDA:63,11,0,14
BRDA:63,12,0,14
BRDA:64,13,0,0
BRF:14
BRH:12
end_of_record
TN:
SF:src/components/checkbox.tsx
FNF:0
FNH:0
DA:1,1
DA:2,1
DA:3,1
DA:4,1
DA:6,1
DA:9,1
DA:10,1
DA:11,1
DA:12,1
DA:13,1
DA:14,1
DA:15,1
DA:16,1
DA:17,1
DA:18,1
DA:19,1
DA:21,1
DA:22,1
DA:23,1
DA:24,1
DA:25,1
DA:26,1
LF:22
LH:22
BRDA:9,0,0,1
BRF:1
BRH:1
end_of_record
TN:
SF:src/components/collapsible.tsx
FNF:0
FNH:0
DA:1,1
DA:3,1
DA:4,1
DA:5,1
LF:4
LH:4
BRF:0
BRH:0
end_of_record
TN:
SF:src/components/command.tsx
FN:22,CommandDialog
FN:112,CommandShortcut
FNF:2
FNH:2
FNDA:1,CommandDialog
FNDA:1,CommandShortcut
DA:1,1
DA:2,1
DA:3,1
DA:4,1
DA:5,1
DA:7,1
DA:10,1
DA:11,2
DA:12,2
DA:13,2
DA:14,2
DA:15,2
DA:16,2
DA:17,2
DA:18,2
DA:19,2
DA:20,1
DA:22,1
DA:23,1
DA:24,1
DA:25,1
DA:26,1
DA:27,1
DA:28,1
DA:29,1
DA:32,1
DA:35,1
DA:36,2
DA:37,2
DA:38,2
DA:39,2
DA:40,2
DA:41,2
DA:42,2
DA:43,2
DA:44,2
DA:45,2
DA:46,2
DA:47,1
DA:48,1
DA:50,1
DA:53,1
DA:54,2
DA:55,2
DA:56,2
DA:57,2
DA:58,2
DA:59,2
DA:60,1
DA:62,1
DA:65,1
DA:66,2
DA:67,1
DA:68,1
DA:70,1
DA:73,1
DA:74,1
DA:75,1
DA:76,1
DA:77,1
DA:78,1
DA:79,1
DA:80,1
DA:81,1
DA:82,1
DA:83,1
DA:85,1
DA:88,1
DA:89,1
DA:90,1
DA:91,1
DA:92,1
DA:93,1
DA:94,1
DA:95,1
DA:97,1
DA:100,1
DA:101,1
DA:102,1
DA:103,1
DA:104,1
DA:105,1
DA:106,1
DA:107,1
DA:108,1
DA:109,1
DA:110,1
DA:112,1
DA:113,1
DA:114,1
DA:116,1
LF:91
LH:91
BRDA:10,0,0,2
BRDA:22,1,0,1
BRDA:35,2,0,2
BRDA:53,3,0,2
BRDA:65,4,0,2
BRDA:73,5,0,1
BRDA:88,6,0,1
BRDA:100,7,0,1
BRDA:112,8,0,1
BRF:9
BRH:9
end_of_record
TN:
SF:src/components/context-menu.tsx
FN:143,ContextMenuShortcut
FNF:1
FNH:0
FNDA:0,ContextMenuShortcut
DA:1,1
DA:2,1
DA:3,1
DA:4,1
DA:6,1
DA:7,1
DA:8,1
DA:9,1
DA:10,1
DA:11,1
DA:13,1
DA:16,1
DA:17,0
DA:18,0
DA:19,0
DA:20,0
DA:21,0
DA:22,0
DA:23,0
DA:24,0
DA:26,0
DA:27,0
DA:28,0
DA:29,0
DA:30,1
DA:32,1
DA:35,1
DA:36,0
DA:37,0
DA:38,0
DA:39,0
DA:40,0
DA:41,0
DA:42,1
DA:44,1
DA:47,1
DA:48,1
DA:49,1
DA:50,1
DA:51,1
DA:52,1
DA:53,1
DA:54,1
DA:55,1
DA:56,1
DA:58,1
DA:61,1
DA:62,0
DA:63,0
DA:64,0
DA:65,0
DA:66,0
DA:67,0
DA:68,0
DA:69,0
DA:70,0
DA:71,0
DA:72,1
DA:74,1
DA:77,1
DA:78,0
DA:79,0
DA:80,0
DA:81,0
DA:82,0
DA:83,0
DA:84,0
DA:85,0
DA:87,0
DA:88,0
DA:89,0
DA:90,0
DA:91,0
DA:92,0
DA:93,0
DA:94,0
DA:95,1
DA:97,1
DA:100,1
DA:101,0
DA:102,0
DA:103,0
DA:104,0
DA:105,0
DA:106,0
DA:107,0
DA:109,0
DA:110,0
DA:111,0
DA:112,0
DA:113,0
DA:114,0
DA:115,0
DA:116,0
DA:117,1
DA:119,1
DA:122,1
DA:123,0
DA:124,0
DA:125,0
DA:126,0
DA:127,0
DA:128,0
DA:129,1
DA:131,1
DA:134,1
DA:135,0
DA:136,0
DA:137,0
DA:138,0
DA:139,0
DA:140,0
DA:141,1
DA:143,0
DA:144,0
DA:145,0
DA:147,0
LF:117
LH:42
BRDA:47,0,0,1
BRF:1
BRH:1
end_of_record
TN:
SF:src/components/copy-button.tsx
FN:14,handleCopy
FNF:1
FNH:1
FNDA:1,handleCopy
DA:1,1
DA:2,1
DA:3,1
DA:10,1
DA:11,1
DA:12,2
DA:14,2
DA:15,1
DA:16,1
DA:17,1
DA:18,1
DA:20,2
DA:21,2
DA:22,2
DA:23,2
DA:24,2
DA:25,2
DA:26,2
DA:27,2
DA:28,2
DA:29,2
DA:30,2
DA:32,2
DA:33,2
DA:35,2
DA:36,1
DA:37,1
LF:27
LH:27
BRDA:11,0,0,2
BRDA:26,1,0,0
BRDA:29,2,0,0
BRDA:32,3,0,0
BRDA:14,4,0,1
BRF:5
BRH:2
end_of_record
TN:
SF:src/components/dialog.tsx
FN:58,DialogHeader
FN:63,DialogFooter
FNF:2
FNH:2
FNDA:1,DialogHeader
FNDA:1,DialogFooter
DA:1,1
DA:2,1
DA:3,1
DA:4,1
DA:6,1
DA:7,1
DA:8,1
DA:9,1
DA:11,1
DA:14,1
DA:15,4
DA:16,4
DA:17,4
DA:18,4
DA:19,4
DA:20,4
DA:21,4
DA:22,4
DA:23,4
DA:24,4
DA:25,4
DA:26,1
DA:28,1
DA:31,1
DA:32,2
DA:33,2
DA:34,2
DA:35,2
DA:36,2
DA:37,2
DA:38,2
DA:39,2
DA:40,2
DA:41,2
DA:42,2
DA:43,2
DA:44,2
DA:46,2
DA:47,2
DA:48,2
DA:49,2
DA:50,2
DA:51,2
DA:52,2
DA:53,2
DA:54,2
DA:55,1
DA:56,1
DA:58,1
DA:59,1
DA:61,1
DA:63,1
DA:64,1
DA:66,1
DA:68,1
DA:71,1
DA:72,1
DA:73,1
DA:74,1
DA:75,1
DA:76,1
DA:77,1
DA:78,1
DA:80,1
DA:83,1
DA:84,1
DA:85,1
DA:86,1
DA:87,1
DA:88,1
DA:89,1
DA:90,1
LF:72
LH:72
BRDA:14,0,0,4
BRDA:31,1,0,2
BRDA:58,2,0,1
BRDA:63,3,0,1
BRDA:71,4,0,1
BRDA:83,5,0,1
BRF:6
BRH:6
end_of_record
TN:
SF:src/components/drawer.tsx
FN:5,Drawer
FN:50,DrawerHeader
FN:55,DrawerFooter
FNF:3
FNH:3
FNDA:1,Drawer
FNDA:1,DrawerHeader
FNDA:1,DrawerFooter
DA:1,1
DA:2,1
DA:3,1
DA:5,1
DA:6,1
DA:7,1
DA:8,1
DA:9,1
DA:11,1
DA:13,1
DA:14,1
DA:15,1
DA:17,1
DA:20,1
DA:21,2
DA:22,2
DA:23,2
DA:24,2
DA:25,2
DA:26,2
DA:27,1
DA:29,1
DA:32,1
DA:33,1
DA:34,1
DA:35,1
DA:36,1
DA:37,1
DA:38,1
DA:39,1
DA:40,1
DA:41,1
DA:43,1
DA:44,1
DA:45,1
DA:46,1
DA:47,1
DA:48,1
DA:50,1
DA:51,1
DA:53,1
DA:55,1
DA:56,1
DA:58,1
DA:60,1
DA:63,1
DA:64,1
DA:65,1
DA:66,1
DA:67,1
DA:68,1
DA:69,1
DA:70,1
DA:72,1
DA:75,1
DA:76,1
DA:77,1
DA:78,1
DA:79,1
DA:80,1
DA:81,1
DA:82,1
LF:62
LH:62
BRDA:5,0,0,1
BRDA:20,1,0,2
BRDA:32,2,0,1
BRDA:50,3,0,1
BRDA:55,4,0,1
BRDA:63,5,0,1
BRDA:75,6,0,1
BRF:7
BRH:7
end_of_record
TN:
SF:src/components/dropdown-menu.tsx
FN:154,DropdownMenuShortcut
FNF:1
FNH:1
FNDA:1,DropdownMenuShortcut
DA:1,1
DA:2,1
DA:3,1
DA:4,1
DA:6,1
DA:7,1
DA:8,1
DA:9,1
DA:10,1
DA:11,1
DA:13,1
DA:16,1
DA:17,1
DA:18,1
DA:19,1
DA:20,1
DA:21,1
DA:22,1
DA:23,1
DA:24,1
DA:26,1
DA:27,1
DA:28,1
DA:29,1
DA:30,1
DA:32,1
DA:35,1
DA:36,1
DA:37,1
DA:38,1
DA:39,1
DA:40,1
DA:41,1
DA:42,1
DA:43,1
DA:44,1
DA:45,1
DA:47,1
DA:50,1
DA:51,1
DA:52,1
DA:53,1
DA:54,1
DA:55,1
DA:56,1
DA:57,1
DA:58,1
DA:59,1
DA:60,1
DA:61,1
DA:62,1
DA:63,1
DA:65,1
DA:68,1
DA:69,1
DA:70,1
DA:71,1
DA:72,1
DA:73,1
DA:74,1
DA:75,1
DA:76,1
DA:77,1
DA:78,1
DA:79,1
DA:81,1
DA:84,1
DA:85,1
DA:86,1
DA:87,1
DA:88,1
DA:89,1
DA:90,1
DA:91,1
DA:92,1
DA:94,1
DA:95,1
DA:96,1
DA:97,1
DA:98,1
DA:99,1
DA:100,1
DA:101,1
DA:102,1
DA:104,1
DA:107,1
DA:108,1
DA:109,1
DA:110,1
DA:111,1
DA:112,1
DA:113,1
DA:114,1
DA:116,1
DA:117,1
DA:118,1
DA:119,1
DA:120,1
DA:121,1
DA:122,1
DA:123,1
DA:124,1
DA:126,1
DA:129,1
DA:130,1
DA:131,1
DA:132,1
DA:133,1
DA:134,1
DA:135,1
DA:136,1
DA:137,1
DA:138,1
DA:139,1
DA:140,1
DA:142,1
DA:145,1
DA:146,1
DA:147,1
DA:148,1
DA:149,1
DA:150,1
DA:151,1
DA:152,1
DA:154,1
DA:155,1
DA:156,1
DA:157,1
DA:158,1
DA:159,1
DA:161,1
LF:131
LH:131
BRDA:16,0,0,1
BRDA:21,1,0,0
BRDA:35,2,0,1
BRDA:50,3,0,1
BRDA:68,4,0,1
BRDA:73,5,0,0
BRDA:84,6,0,1
BRDA:107,7,0,1
BRDA:129,8,0,1
BRDA:134,9,0,0
BRDA:145,10,0,1
BRDA:154,11,0,1
BRF:12
BRH:9
end_of_record
TN:
SF:src/components/empty-state.tsx
FNF:0
FNH:0
DA:1,1
DA:2,1
DA:11,1
DA:12,1
DA:13,2
DA:14,2
DA:15,2
DA:16,2
DA:17,2
DA:18,2
DA:19,2
DA:21,2
DA:22,0
DA:23,0
DA:24,0
DA:26,2
DA:27,2
DA:28,2
DA:29,2
DA:31,2
DA:32,2
DA:33,2
DA:35,1
DA:36,1
LF:24
LH:21
BRDA:12,0,0,2
BRDA:21,1,0,0
BRDA:32,2,0,1
BRF:3
BRH:2
end_of_record
TN:
SF:src/components/form.tsx
FN:24,FormField
FN:35,useFormField
FNF:2
FNH:2
FNDA:2,FormField
FNDA:8,useFormField
DA:1,1
DA:3,1
DA:4,1
DA:12,1
DA:13,1
DA:15,1
DA:22,1
DA:24,1
DA:27,2
DA:28,2
DA:29,2
DA:30,2
DA:31,2
DA:32,2
DA:35,1
DA:36,8
DA:37,8
DA:38,8
DA:39,8
DA:41,8
DA:43,8
DA:44,8
DA:45,8
DA:46,8
DA:47,8
DA:48,8
DA:49,8
DA:50,8
DA:51,8
DA:52,8
DA:56,1
DA:58,1
DA:59,1
DA:60,2
DA:61,2
DA:62,2
DA:63,2
DA:64,2
DA:66,2
DA:67,1
DA:68,1
DA:70,1
DA:73,1
DA:74,2
DA:75,2
DA:76,2
DA:77,2
DA:78,2
DA:79,2
DA:80,2
DA:81,2
DA:83,2
DA:84,1
DA:86,1
DA:89,1
DA:90,2
DA:91,2
DA:92,2
DA:93,2
DA:94,2
DA:95,2
DA:96,2
DA:97,2
DA:98,2
DA:100,2
DA:101,1
DA:103,1
DA:106,1
DA:107,2
DA:108,2
DA:109,2
DA:110,2
DA:111,2
DA:112,2
DA:113,2
DA:114,2
DA:116,2
DA:117,1
DA:119,1
DA:122,1
DA:123,2
DA:124,2
DA:125,2
DA:126,0
DA:127,0
DA:128,0
DA:129,0
DA:130,0
DA:131,0
DA:133,0
DA:134,0
DA:136,0
DA:137,1
LF:93
LH:84
BRDA:24,0,0,2
BRDA:35,1,0,8
BRDA:41,2,0,0
BRDA:59,3,0,2
BRDA:73,4,0,2
BRDA:78,5,0,0
BRDA:89,6,0,2
BRDA:95,7,0,0
BRDA:106,8,0,2
BRDA:122,9,0,2
BRDA:124,10,0,0
BRDA:125,11,0,0
BRF:12
BRH:7
end_of_record
TN:
SF:src/components/hover-card.tsx
FNF:0
FNH:0
DA:1,1
DA:2,1
DA:3,1
DA:5,1
DA:6,1
DA:8,1
DA:11,1
DA:12,1
DA:13,1
DA:14,1
DA:15,1
DA:16,1
DA:17,1
DA:18,1
DA:19,1
DA:20,1
DA:21,1
DA:22,1
DA:23,1
DA:24,1
DA:25,1
LF:21
LH:21
BRDA:11,0,0,1
BRF:1
BRH:1
end_of_record
TN:
SF:src/components/input-otp.tsx
FNF:0
FNH:0
DA:1,1
DA:2,1
DA:3,1
DA:4,1
DA:6,1
DA:9,1
DA:10,1
DA:11,1
DA:12,1
DA:13,1
DA:14,1
DA:15,1
DA:16,1
DA:17,1
DA:19,1
DA:22,1
DA:23,2
DA:24,1
DA:25,1
DA:27,1
DA:30,1
DA:31,6
DA:32,6
DA:34,6
DA:35,6
DA:36,6
DA:37,6
DA:38,6
DA:39,6
DA:40,6
DA:41,6
DA:42,6
DA:44,6
DA:45,6
DA:46,0
DA:47,0
DA:48,0
DA:50,6
DA:52,6
DA:53,1
DA:55,1
DA:58,1
DA:59,1
DA:60,1
DA:61,1
DA:62,1
DA:63,1
LF:47
LH:44
BRDA:9,0,0,1
BRDA:22,1,0,2
BRDA:30,2,0,6
BRDA:32,3,0,0
BRDA:39,4,0,0
BRDA:45,5,0,0
BRDA:58,6,0,1
BRF:7
BRH:4
end_of_record
TN:
SF:src/components/input.tsx
FNF:0
FNH:0
DA:1,1
DA:2,1
DA:6,1
DA:7,1
DA:8,3
DA:9,3
DA:10,3
DA:11,3
DA:12,3
DA:13,3
DA:14,3
DA:15,3
DA:16,3
DA:17,3
DA:18,3
DA:19,3
DA:20,3
DA:21,3
DA:23,3
DA:24,1
DA:25,1
LF:21
LH:21
BRDA:7,0,0,3
BRF:1
BRH:1
end_of_record
TN:
SF:src/components/kbd.tsx
FNF:0
FNH:0
DA:1,1
DA:2,1
DA:4,1
DA:5,1
DA:6,1
DA:7,1
DA:8,1
DA:9,1
DA:10,1
DA:11,1
DA:12,1
DA:13,1
DA:15,1
DA:16,1
LF:14
LH:14
BRDA:5,0,0,1
BRF:1
BRH:1
end_of_record
TN:
SF:src/components/label.tsx
FNF:0
FNH:0
DA:1,1
DA:2,1
DA:3,1
DA:5,1
DA:8,1
DA:9,3
DA:10,3
DA:11,3
DA:12,3
DA:13,3
DA:14,3
DA:15,3
DA:16,3
DA:17,3
DA:18,1
LF:15
LH:15
BRDA:8,0,0,3
BRF:1
BRH:1
end_of_record
TN:
SF:src/components/menubar.tsx
FN:172,MenubarShortcut
FNF:1
FNH:0
FNDA:0,MenubarShortcut
DA:1,1
DA:2,1
DA:3,1
DA:4,1
DA:6,1
DA:9,1
DA:10,1
DA:11,1
DA:12,1
DA:13,1
DA:14,1
DA:15,1
DA:16,1
DA:18,1
DA:19,1
DA:20,1
DA:21,1
DA:22,1
DA:24,1
DA:27,1
DA:28,1
DA:29,1
DA:30,1
DA:31,1
DA:32,1
DA:33,1
DA:34,1
DA:35,1
DA:36,1
DA:37,1
DA:39,1
DA:42,1
DA:43,0
DA:44,0
DA:45,0
DA:46,0
DA:47,0
DA:48,0
DA:49,0
DA:50,0
DA:52,0
DA:53,0
DA:54,0
DA:55,0
DA:56,1
DA:58,1
DA:61,1
DA:62,0
DA:63,0
DA:64,0
DA:65,0
DA:66,0
DA:67,0
DA:68,1
DA:70,1
DA:73,1
DA:74,1
DA:75,1
DA:76,1
DA:77,1
DA:78,1
DA:79,1
DA:80,1
DA:81,1
DA:82,1
DA:83,1
DA:84,1
DA:85,1
DA:87,1
DA:90,1
DA:91,0
DA:92,0
DA:93,0
DA:94,0
DA:95,0
DA:96,0
DA:97,0
DA:98,0
DA:99,0
DA:100,0
DA:101,1
DA:103,1
DA:106,1
DA:107,0
DA:108,0
DA:109,0
DA:110,0
DA:111,0
DA:112,0
DA:113,0
DA:114,0
DA:116,0
DA:117,0
DA:118,0
DA:119,0
DA:120,0
DA:121,0
DA:122,0
DA:123,0
DA:124,1
DA:126,1
DA:129,1
DA:130,0
DA:131,0
DA:132,0
DA:133,0
DA:134,0
DA:135,0
DA:136,0
DA:138,0
DA:139,0
DA:140,0
DA:141,0
DA:142,0
DA:143,0
DA:144,0
DA:145,0
DA:146,1
DA:148,1
DA:151,1
DA:152,0
DA:153,0
DA:154,0
DA:155,0
DA:156,0
DA:157,0
DA:158,1
DA:160,1
DA:163,1
DA:164,0
DA:165,0
DA:166,0
DA:167,0
DA:168,0
DA:169,0
DA:170,1
DA:172,0
DA:173,0
DA:174,0
DA:176,0
LF:140
LH:65
BRDA:9,0,0,1
BRDA:27,1,0,1
BRDA:73,2,0,1
BRF:3
BRH:3
end_of_record
TN:
SF:src/components/navigation-menu.tsx
FNF:0
FNH:0
DA:1,1
DA:2,1
DA:3,1
DA:4,1
DA:5,1
DA:7,1
DA:10,1
DA:11,1
DA:12,1
DA:13,1
DA:14,1
DA:16,1
DA:17,1
DA:18,1
DA:19,1
DA:20,1
DA:22,1
DA:25,1
DA:26,1
DA:27,1
DA:28,1
DA:29,1
DA:30,1
DA:31,1
DA:32,1
DA:34,1
DA:36,1
DA:37,1
DA:38,1
DA:40,1
DA:43,1
DA:44,1
DA:45,1
DA:46,1
DA:47,1
DA:49,1
DA:50,1
DA:51,1
DA:52,1
DA:53,1
DA:54,1
DA:55,1
DA:56,1
DA:58,1
DA:61,1
DA:62,1
DA:63,1
DA:64,1
DA:65,1
DA:66,1
DA:67,1
DA:68,1
DA:69,1
DA:70,1
DA:71,1
DA:73,1
DA:75,1
DA:78,1
DA:79,2
DA:80,2
DA:81,2
DA:82,2
DA:83,2
DA:84,2
DA:85,2
DA:86,2
DA:87,2
DA:88,2
DA:89,1
DA:90,1
DA:92,1
DA:95,1
DA:96,1
DA:97,1
DA:98,1
DA:99,1
DA:101,1
DA:102,1
DA:103,1
DA:104,1
LF:80
LH:80
BRDA:10,0,0,1
BRDA:25,1,0,1
BRDA:43,2,0,1
BRDA:61,3,0,1
BRDA:78,4,0,2
BRDA:95,5,0,1
BRF:6
BRH:6
end_of_record
TN:
SF:src/components/number-input.tsx
FN:15,clamp
FN:22,decrement
FN:26,increment
FN:51,onChange
FNF:4
FNH:3
FNDA:2,clamp
FNDA:1,decrement
FNDA:1,increment
FNDA:0,onChange
DA:1,1
DA:2,1
DA:3,1
DA:13,1
DA:14,1
DA:15,2
DA:16,2
DA:17,2
DA:18,2
DA:19,2
DA:20,2
DA:22,2
DA:23,1
DA:24,1
DA:26,2
DA:27,1
DA:28,1
DA:30,2
DA:31,2
DA:32,2
DA:33,2
DA:35,2
DA:36,2
DA:37,2
DA:38,2
DA:39,2
DA:40,2
DA:42,2
DA:43,2
DA:44,2
DA:45,2
DA:46,2
DA:47,2
DA:48,2
DA:49,2
DA:50,2
DA:51,2
DA:52,2
DA:53,2
DA:54,2
DA:55,2
DA:56,2
DA:57,2
DA:58,2
DA:59,2
DA:60,2
DA:62,2
DA:63,2
DA:64,2
DA:66,2
DA:67,1
DA:68,1
LF:52
LH:52
BRDA:14,0,0,2
BRDA:33,1,0,0
BRDA:38,2,0,1
BRDA:58,3,0,1
BRDA:15,4,0,2
BRDA:22,5,0,1
BRDA:26,6,0,1
BRF:7
BRH:6
end_of_record
TN:
SF:src/components/pagination.tsx
FN:6,Pagination
FN:33,PaginationLink
FN:45,PaginationPrevious
FN:61,PaginationNext
FN:77,PaginationEllipsis
FNF:5
FNH:5
FNDA:1,Pagination
FNDA:4,PaginationLink
FNDA:1,PaginationPrevious
FNDA:1,PaginationNext
FNDA:1,PaginationEllipsis
DA:1,1
DA:2,1
DA:3,1
DA:4,1
DA:6,1
DA:7,1
DA:8,1
DA:9,1
DA:10,1
DA:11,1
DA:12,1
DA:14,1
DA:16,1
DA:17,1
DA:18,1
DA:20,1
DA:21,1
DA:23,1
DA:24,1
DA:25,1
DA:26,1
DA:33,1
DA:34,4
DA:35,4
DA:36,4
DA:37,4
DA:38,4
DA:39,4
DA:40,4
DA:41,4
DA:43,1
DA:45,1
DA:46,1
DA:47,1
DA:48,1
DA:49,1
DA:50,1
DA:51,1
DA:52,1
DA:53,1
DA:55,1
DA:56,1
DA:57,1
DA:59,1
DA:61,1
DA:62,1
DA:63,1
DA:64,1
DA:65,1
DA:66,1
DA:67,1
DA:68,1
DA:69,1
DA:71,1
DA:72,1
DA:73,1
DA:75,1
DA:77,1
DA:78,1
DA:79,1
DA:80,1
DA:81,1
DA:82,1
DA:84,1
DA:85,1
DA:86,1
DA:88,1
LF:67
LH:67
BRDA:6,0,0,1
BRDA:17,1,0,1
BRDA:24,2,0,5
BRDA:33,3,0,4
BRDA:35,4,0,1
BRDA:35,5,0,3
BRDA:37,6,0,1
BRDA:37,7,0,3
BRDA:45,8,0,1
BRDA:61,9,0,1
BRDA:77,10,0,1
BRF:11
BRH:11
end_of_record
TN:
SF:src/components/popover.tsx
FNF:0
FNH:0
DA:1,1
DA:2,1
DA:3,1
DA:5,1
DA:6,1
DA:7,1
DA:9,1
DA:12,1
DA:13,1
DA:14,1
DA:15,1
DA:16,1
DA:17,1
DA:18,1
DA:19,1
DA:20,1
DA:21,1
DA:22,1
DA:23,1
DA:24,1
DA:25,1
DA:26,1
LF:22
LH:22
BRDA:12,0,0,1
BRF:1
BRH:1
end_of_record
TN:
SF:src/components/progress.tsx
FNF:0
FNH:0
DA:1,1
DA:2,1
DA:3,1
DA:5,1
DA:8,1
DA:9,2
DA:10,2
DA:11,2
DA:12,2
DA:14,2
DA:15,2
DA:16,2
DA:17,2
DA:18,2
DA:19,2
DA:20,1
LF:16
LH:16
BRDA:8,0,0,2
BRDA:16,1,0,1
BRF:2
BRH:2
end_of_record
TN:
SF:src/components/radio-group.tsx
FNF:0
FNH:0
DA:1,1
DA:2,1
DA:3,1
DA:5,1
DA:8,1
DA:9,1
DA:10,1
DA:11,1
DA:13,1
DA:16,1
DA:17,2
DA:18,2
DA:19,2
DA:20,2
DA:21,2
DA:22,2
DA:23,2
DA:25,2
DA:26,2
DA:27,2
DA:28,2
DA:29,2
DA:30,1
LF:23
LH:23
BRDA:8,0,0,1
BRDA:16,1,0,2
BRF:2
BRH:2
end_of_record
TN:
SF:src/components/resizable.tsx
FN:6,ResizablePanelGroup
FN:17,ResizableHandle
FNF:2
FNH:2
FNDA:2,ResizablePanelGroup
FNDA:2,ResizableHandle
DA:2,1
DA:3,1
DA:4,1
DA:6,2
DA:7,2
DA:8,2
DA:9,2
DA:10,2
DA:11,2
DA:13,2
DA:15,1
DA:17,2
DA:18,2
DA:19,2
DA:20,2
DA:21,2
DA:22,2
DA:23,2
DA:24,2
DA:26,2
DA:27,1
DA:28,1
DA:29,1
DA:31,2
DA:33,2
LF:25
LH:25
BRDA:6,0,0,2
BRDA:17,1,0,2
BRDA:26,2,0,1
BRF:3
BRH:3
end_of_record
TN:
SF:src/components/scroll-area.tsx
FNF:0
FNH:0
DA:1,1
DA:2,1
DA:3,1
DA:5,1
DA:8,1
DA:9,1
DA:10,1
DA:11,1
DA:12,1
DA:14,1
DA:15,1
DA:16,1
DA:17,1
DA:18,1
DA:19,1
DA:20,1
DA:21,1
DA:23,1
DA:26,1
DA:27,3
DA:28,3
DA:29,3
DA:30,3
DA:31,3
DA:32,3
DA:33,3
DA:34,3
DA:35,3
DA:36,3
DA:38,3
DA:39,3
DA:40,3
DA:41,1
LF:33
LH:33
BRDA:8,0,0,1
BRDA:26,1,0,3
BRDA:32,2,0,2
BRDA:33,3,0,1
BRF:4
BRH:4
end_of_record
TN:
SF:src/components/select.tsx
FNF:0
FNH:0
DA:1,1
DA:2,1
DA:3,1
DA:4,1
DA:6,1
DA:7,1
DA:8,1
DA:10,1
DA:13,1
DA:14,1
DA:15,1
DA:16,1
DA:17,1
DA:18,1
DA:19,1
DA:20,1
DA:21,1
DA:22,1
DA:23,1
DA:24,1
DA:26,1
DA:27,1
DA:28,1
DA:29,1
DA:30,1
DA:31,1
DA:32,1
DA:34,1
DA:37,1
DA:38,1
DA:39,1
DA:40,1
DA:41,1
DA:43,1
DA:44,1
DA:45,1
DA:46,1
DA:48,1
DA:51,1
DA:52,1
DA:53,1
DA:54,1
DA:55,1
DA:57,1
DA:58,1
DA:59,1
DA:60,1
DA:62,1
DA:65,1
DA:66,1
DA:67,1
DA:68,1
DA:69,1
DA:70,1
DA:71,1
DA:72,1
DA:73,1
DA:74,1
DA:75,1
DA:76,1
DA:77,1
DA:78,1
DA:79,1
DA:80,1
DA:81,1
DA:83,1
DA:84,1
DA:85,1
DA:86,1
DA:87,1
DA:88,1
DA:89,1
DA:91,1
DA:92,1
DA:93,1
DA:94,1
DA:95,1
DA:96,1
DA:97,1
DA:99,1
DA:102,1
DA:103,1
DA:104,1
DA:105,1
DA:106,1
DA:107,1
DA:108,1
DA:109,1
DA:111,1
DA:114,1
DA:115,3
DA:116,3
DA:117,3
DA:118,3
DA:119,3
DA:120,3
DA:121,3
DA:122,3
DA:123,3
DA:124,3
DA:126,3
DA:127,3
DA:128,3
DA:129,3
DA:130,3
DA:131,3
DA:132,3
DA:133,3
DA:134,1
DA:136,1
DA:139,1
DA:140,1
DA:141,1
DA:142,1
DA:143,1
DA:144,1
DA:145,1
DA:146,1
LF:118
LH:118
BRDA:13,0,0,1
BRDA:37,1,0,1
BRDA:51,2,0,1
BRDA:65,3,0,1
BRDA:102,4,0,1
BRDA:114,5,0,3
BRDA:139,6,0,1
BRF:7
BRH:7
end_of_record
TN:
SF:src/components/separator.tsx
FNF:0
FNH:0
DA:1,1
DA:2,1
DA:3,1
DA:5,1
DA:8,1
DA:9,2
DA:10,2
DA:11,2
DA:12,2
DA:13,2
DA:14,2
DA:15,2
DA:16,2
DA:17,2
DA:18,2
DA:19,2
DA:20,2
DA:21,1
LF:18
LH:18
BRDA:8,0,0,2
BRDA:15,1,0,1
BRDA:15,2,0,1
BRF:3
BRH:3
end_of_record
TN:
SF:src/components/sheet.tsx
FN:61,SheetHeader
FN:66,SheetFooter
FNF:2
FNH:2
FNDA:1,SheetHeader
FNDA:1,SheetFooter
DA:1,1
DA:2,1
DA:3,1
DA:4,1
DA:5,1
DA:7,1
DA:8,1
DA:9,1
DA:10,1
DA:12,1
DA:15,1
DA:16,2
DA:17,2
DA:18,2
DA:19,2
DA:20,2
DA:21,2
DA:22,1
DA:24,1
DA:25,1
DA:26,1
DA:27,1
DA:28,1
DA:29,1
DA:30,1
DA:31,1
DA:32,1
DA:33,1
DA:34,1
DA:35,1
DA:36,1
DA:37,1
DA:39,1
DA:43,1
DA:44,1
DA:45,1
DA:46,1
DA:47,1
DA:48,1
DA:49,1
DA:51,1
DA:52,1
DA:53,1
DA:54,1
DA:55,1
DA:56,1
DA:57,1
DA:58,1
DA:59,1
DA:61,1
DA:62,1
DA:64,1
DA:66,1
DA:67,1
DA:68,1
DA:69,1
DA:70,1
DA:72,1
DA:74,1
DA:77,1
DA:78,1
DA:79,1
DA:80,1
DA:81,1
DA:82,1
DA:83,1
DA:84,1
DA:86,1
DA:89,1
DA:90,1
DA:91,1
DA:92,1
DA:93,1
DA:94,1
DA:95,1
DA:96,1
LF:76
LH:76
BRDA:15,0,0,2
BRDA:43,1,0,1
BRDA:61,2,0,1
BRDA:66,3,0,1
BRDA:77,4,0,1
BRDA:89,5,0,1
BRF:6
BRH:6
end_of_record
TN:
SF:src/components/sidebar.tsx
FN:13,setOpen
FN:15,setCollapsed
FN:18,useSidebar
FN:22,SidebarProvider
FN:135,onClick
FNF:5
FNH:2
FNDA:0,setOpen
FNDA:0,setCollapsed
FNDA:4,useSidebar
FNDA:3,SidebarProvider
FNDA:0,onClick
DA:1,1
DA:2,1
DA:11,1
DA:12,1
DA:13,1
DA:14,1
DA:15,1
DA:16,1
DA:18,4
DA:19,4
DA:20,4
DA:22,3
DA:26,3
DA:27,3
DA:28,3
DA:29,3
DA:30,3
DA:31,3
DA:32,3
DA:34,3
DA:36,1
DA:37,1
DA:38,3
DA:39,3
DA:40,3
DA:41,3
DA:42,3
DA:43,3
DA:44,3
DA:45,3
DA:46,3
DA:47,3
DA:48,3
DA:49,3
DA:50,3
DA:52,3
DA:53,3
DA:55,3
DA:56,1
DA:57,1
DA:59,1
DA:60,1
DA:61,1
DA:63,1
DA:64,1
DA:66,1
DA:67,1
DA:68,3
DA:70,1
DA:71,1
DA:73,1
DA:74,1
DA:75,1
DA:77,1
DA:78,1
DA:80,1
DA:81,1
DA:82,1
DA:84,1
DA:85,1
DA:87,1
DA:88,1
DA:89,1
DA:90,1
DA:91,1
DA:92,1
DA:93,1
DA:95,1
DA:96,1
DA:98,1
DA:99,1
DA:100,1
DA:102,1
DA:103,1
DA:105,1
DA:108,1
DA:109,1
DA:110,1
DA:111,1
DA:112,1
DA:113,1
DA:114,1
DA:115,1
DA:116,1
DA:117,1
DA:118,1
DA:119,1
DA:120,1
DA:122,1
DA:123,1
DA:124,1
DA:126,1
DA:127,1
DA:129,1
DA:130,1
DA:131,1
DA:132,1
DA:133,1
DA:134,1
DA:135,1
DA:136,1
DA:137,1
DA:138,1
DA:140,1
DA:141,1
DA:142,1
LF:106
LH:106
BRDA:18,0,0,4
BRDA:22,1,0,3
BRDA:37,2,0,3
BRDA:42,3,0,2
BRDA:42,4,0,1
BRDA:46,5,0,1
BRDA:46,6,0,2
BRDA:47,7,0,1
BRDA:60,8,0,1
BRDA:67,9,0,3
BRDA:74,10,0,1
BRDA:81,11,0,1
BRDA:88,12,0,1
BRDA:99,13,0,1
BRDA:108,14,0,1
BRDA:114,15,0,0
BRDA:123,16,0,1
BRDA:130,17,0,1
BRF:18
BRH:17
end_of_record
TN:
SF:src/components/skeleton.tsx
FN:3,Skeleton
FNF:1
FNH:1
FNDA:1,Skeleton
DA:1,1
DA:3,1
DA:4,1
DA:5,1
LF:4
LH:4
BRDA:3,0,0,1
BRF:1
BRH:1
end_of_record
TN:
SF:src/components/slider.tsx
FNF:0
FNH:0
DA:1,1
DA:2,1
DA:3,1
DA:5,1
DA:8,1
DA:9,1
DA:10,1
DA:11,1
DA:12,1
DA:14,1
DA:15,1
DA:16,1
DA:17,1
DA:18,1
DA:19,1
DA:20,1
LF:16
LH:16
BRDA:8,0,0,1
BRF:1
BRH:1
end_of_record
TN:
SF:src/components/sonner.tsx
FN:3,Toaster
FNF:1
FNH:1
FNDA:1,Toaster
DA:1,1
DA:3,1
DA:4,1
DA:5,1
DA:6,1
DA:7,1
DA:8,1
DA:9,1
DA:10,1
DA:11,1
DA:12,1
DA:13,1
DA:14,1
DA:15,1
DA:16,1
DA:17,1
DA:18,1
DA:19,1
DA:20,1
DA:22,1
LF:20
LH:20
BRDA:3,0,0,1
BRF:1
BRH:1
end_of_record
TN:
SF:src/components/stepper.tsx
FN:19,Stepper
FNF:1
FNH:1
FNDA:3,Stepper
DA:1,1
DA:2,1
DA:3,1
DA:19,3
DA:20,3
DA:21,3
DA:22,3
DA:23,3
DA:24,3
DA:25,3
DA:27,3
DA:28,9
DA:29,9
DA:31,9
DA:32,9
DA:33,9
DA:35,9
DA:36,9
DA:37,9
DA:38,9
DA:39,9
DA:40,9
DA:41,9
DA:43,9
DA:44,9
DA:47,9
DA:48,9
DA:49,9
DA:50,9
DA:51,9
DA:52,9
DA:53,9
DA:54,9
DA:55,6
DA:57,9
DA:58,9
DA:61,9
DA:62,6
DA:63,6
DA:64,6
DA:65,4
DA:66,2
DA:67,6
DA:68,6
DA:69,6
DA:71,9
DA:73,3
DA:74,3
DA:76,3
LF:49
LH:49
BRDA:19,0,0,3
BRDA:23,1,0,2
BRDA:23,2,0,1
BRDA:27,3,0,9
BRDA:29,4,0,4
BRDA:29,5,0,5
BRDA:29,6,0,2
BRDA:29,7,0,3
BRDA:33,8,0,6
BRDA:33,9,0,3
BRDA:38,10,0,4
BRDA:39,11,0,2
BRDA:40,12,0,3
BRDA:43,13,0,4
BRDA:43,14,0,5
BRDA:47,15,0,6
BRDA:47,16,0,3
BRDA:50,17,0,3
BRDA:54,18,0,6
BRDA:61,19,0,6
BRDA:64,20,0,4
BRDA:65,21,0,2
BRDA:67,22,0,3
BRDA:67,23,0,3
BRF:24
BRH:24
end_of_record
TN:
SF:src/components/switch.tsx
FNF:0
FNH:0
DA:1,1
DA:2,1
DA:3,1
DA:5,1
DA:8,1
DA:9,1
DA:10,1
DA:11,1
DA:12,1
DA:13,1
DA:14,1
DA:15,1
DA:16,1
DA:17,1
DA:18,1
DA:19,1
DA:21,1
DA:22,1
DA:23,1
DA:24,1
DA:25,1
DA:26,1
DA:27,1
DA:28,1
DA:29,1
DA:30,1
LF:26
LH:26
BRDA:8,0,0,1
BRF:1
BRH:1
end_of_record
TN:
SF:src/components/table.tsx
FNF:0
FNH:0
DA:1,1
DA:2,1
DA:4,1
DA:5,1
DA:6,2
DA:7,2
DA:8,2
DA:9,2
DA:10,2
DA:11,2
DA:12,2
DA:14,1
DA:15,1
DA:17,1
DA:20,1
DA:21,2
DA:22,1
DA:23,1
DA:25,1
DA:28,1
DA:29,2
DA:30,1
DA:31,1
DA:33,1
DA:36,1
DA:37,1
DA:38,1
DA:39,1
DA:40,1
DA:41,1
DA:42,1
DA:43,1
DA:45,1
DA:46,1
DA:47,5
DA:48,5
DA:49,5
DA:50,5
DA:51,5
DA:52,5
DA:53,5
DA:54,5
DA:56,1
DA:57,1
DA:59,1
DA:62,1
DA:63,2
DA:64,2
DA:65,2
DA:66,2
DA:67,2
DA:68,2
DA:69,2
DA:70,2
DA:71,2
DA:72,1
DA:74,1
DA:77,1
DA:78,3
DA:79,3
DA:80,3
DA:81,3
DA:82,3
DA:83,3
DA:84,1
DA:86,1
DA:89,1
DA:90,1
DA:91,1
DA:92,1
DA:93,1
DA:94,1
DA:95,1
DA:96,1
LF:74
LH:74
BRDA:5,0,0,2
BRDA:20,1,0,2
BRDA:28,2,0,2
BRDA:36,3,0,1
BRDA:46,4,0,5
BRDA:62,5,0,2
BRDA:77,6,0,3
BRDA:89,7,0,1
BRF:8
BRH:8
end_of_record
TN:
SF:src/components/tabs.tsx
FNF:0
FNH:0
DA:1,1
DA:2,1
DA:3,1
DA:5,1
DA:7,1
DA:10,1
DA:11,1
DA:12,1
DA:13,1
DA:14,1
DA:15,1
DA:16,1
DA:17,1
DA:18,1
DA:19,1
DA:20,1
DA:22,1
DA:25,1
DA:26,2
DA:27,2
DA:28,2
DA:29,2
DA:30,2
DA:31,2
DA:32,2
DA:33,2
DA:34,2
DA:35,2
DA:36,2
DA:37,2
DA:38,2
DA:39,1
DA:41,1
DA:44,1
DA:45,2
DA:46,2
DA:47,2
DA:48,2
DA:49,2
DA:50,2
DA:51,2
DA:52,2
DA:53,2
DA:54,1
LF:44
LH:44
BRDA:10,0,0,1
BRDA:25,1,0,2
BRDA:44,2,0,2
BRF:3
BRH:3
end_of_record
TN:
SF:src/components/textarea.tsx
FNF:0
FNH:0
DA:1,1
DA:2,1
DA:6,1
DA:7,1
DA:8,1
DA:9,1
DA:10,1
DA:11,1
DA:12,1
DA:13,1
DA:14,1
DA:15,1
DA:17,1
DA:18,1
LF:14
LH:14
BRDA:7,0,0,1
BRF:1
BRH:1
end_of_record
TN:
SF:src/components/timeline.tsx
FNF:0
FNH:0
DA:1,1
DA:2,1
DA:4,1
DA:5,1
DA:6,1
DA:8,1
DA:9,1
DA:11,1
DA:12,1
DA:13,2
DA:15,1
DA:16,1
DA:18,1
DA:19,1
DA:20,2
DA:21,2
DA:22,2
DA:24,1
DA:25,1
DA:27,1
DA:28,1
DA:29,0
DA:30,0
DA:31,0
DA:32,0
DA:33,0
DA:34,0
DA:35,0
DA:37,0
DA:38,0
DA:40,1
DA:41,1
DA:43,1
DA:44,1
DA:45,2
DA:47,1
DA:48,1
DA:50,1
DA:51,1
DA:52,2
DA:54,1
DA:55,1
DA:57,1
DA:58,1
DA:59,0
DA:61,1
DA:62,1
DA:64,1
DA:65,1
DA:66,1
DA:68,1
DA:69,1
LF:52
LH:42
BRDA:5,0,0,1
BRDA:12,1,0,2
BRDA:19,2,0,2
BRDA:44,3,0,2
BRDA:51,4,0,2
BRDA:65,5,0,1
BRF:6
BRH:6
end_of_record
TN:
SF:src/components/toggle-group.tsx
FNF:0
FNH:0
DA:1,1
DA:2,1
DA:4,1
DA:5,1
DA:7,1
DA:8,1
DA:9,1
DA:10,1
DA:12,1
DA:16,1
DA:17,2
DA:18,2
DA:19,2
DA:20,2
DA:22,2
DA:23,2
DA:24,2
DA:25,2
DA:26,2
DA:27,1
DA:29,1
DA:33,1
DA:34,4
DA:36,4
DA:37,4
DA:38,4
DA:39,4
DA:40,4
DA:41,4
DA:42,4
DA:43,4
DA:44,4
DA:45,4
DA:46,4
DA:47,4
DA:49,4
DA:50,4
DA:52,4
DA:53,1
LF:39
LH:39
BRDA:16,0,0,2
BRDA:33,1,0,4
BRF:2
BRH:2
end_of_record
TN:
SF:src/components/toggle.tsx
FNF:0
FNH:0
DA:1,1
DA:2,1
DA:3,1
DA:4,1
DA:6,1
DA:7,1
DA:8,1
DA:9,1
DA:10,1
DA:11,1
DA:12,1
DA:13,1
DA:14,1
DA:15,1
DA:16,1
DA:17,1
DA:18,1
DA:19,1
DA:20,1
DA:21,1
DA:22,1
DA:23,1
DA:24,1
DA:25,1
DA:26,1
DA:27,1
DA:29,1
DA:32,1
DA:33,1
DA:34,1
DA:35,1
DA:36,1
DA:37,1
DA:38,1
DA:39,1
LF:35
LH:35
BRDA:32,0,0,1
BRF:1
BRH:1
end_of_record
TN:
SF:src/components/tooltip.tsx
FNF:0
FNH:0
DA:1,1
DA:2,1
DA:3,1
DA:5,1
DA:6,1
DA:7,1
DA:9,1
DA:12,1
DA:13,1
DA:14,1
DA:15,1
DA:16,1
DA:17,1
DA:18,1
DA:19,1
DA:20,1
DA:21,1
DA:22,1
DA:23,1
DA:24,1
DA:25,1
DA:26,1
DA:27,1
LF:23
LH:23
BRDA:12,0,0,1
BRF:1
BRH:1
end_of_record
TN:
SF:src/lib/utils.ts
FN:4,cn
FNF:1
FNH:1
FNDA:331,cn
DA:1,1
DA:2,1
DA:4,1
DA:5,331
DA:6,331
LF:5
LH:5
BRDA:4,0,0,331
BRF:1
BRH:1
end_of_record
